<?xml version="1.0" encoding="UTF-8"?>
<!-- Generated by org.testng.reporters.JUnitReportReporter -->
<testsuite skipped="0" hostname="LAPTOP-BPL6MCEE" name="test.LoginTest" tests="1" failures="0" timestamp="2021-06-16T11:51:58 CDT" time="5.550" errors="0">
  <testcase name="gettingDataFromDatabase" time="5.550" classname="test.LoginTest"/>
  <system-out/>
</testsuite> <!-- test.LoginTest -->
